doxygen: /usr/lib/gcc-lib/x86_64-pc-linux-gnu/3.3.4/32/libstdc++.so.5: no version information available (required by doxygen)
doxygen: /usr/lib/gcc-lib/x86_64-pc-linux-gnu/3.3.4/32/libstdc++.so.5: no version information available (required by doxygen)
Warning: ignoring unsupported tag `CREATE_SUBDIRS         =' at line 42, file doxygen.config
Warning: ignoring unsupported tag `USE_WINDOWS_ENCODING   =' at line 64, file doxygen.config
Warning: ignoring unsupported tag `ABBREVIATE_BRIEF       =' at line 89, file doxygen.config
Warning: ignoring unsupported tag `STRIP_FROM_INC_PATH    =' at line 126, file doxygen.config
Warning: ignoring unsupported tag `SUBGROUPING            =' at line 204, file doxygen.config
Warning: ignoring unsupported tag `EXTRACT_LOCAL_METHODS  =' at line 238, file doxygen.config
Warning: ignoring unsupported tag `HIDE_IN_BODY_DOCS      =' at line 267, file doxygen.config
Warning: ignoring unsupported tag `SORT_BRIEF_DOCS        =' at line 313, file doxygen.config
Warning: ignoring unsupported tag `SORT_BY_SCOPE_NAME     =' at line 323, file doxygen.config
Warning: ignoring unsupported tag `SHOW_DIRECTORIES       =' at line 374, file doxygen.config
Warning: ignoring unsupported tag `WARN_IF_DOC_ERROR      =' at line 402, file doxygen.config
Warning: ignoring unsupported tag `FILTER_PATTERNS        =' at line 503, file doxygen.config
Warning: ignoring unsupported tag `LATEX_HIDE_INDICES     =' at line 760, file doxygen.config
Warning: ignoring unsupported tag `XML_OUTPUT             =' at line 846, file doxygen.config
Warning: ignoring unsupported tag `XML_PROGRAMLISTING     =' at line 865, file doxygen.config
Warning: ignoring unsupported tag `GENERATE_PERLMOD       =' at line 889, file doxygen.config
Warning: ignoring unsupported tag `PERLMOD_LATEX          =' at line 895, file doxygen.config
Warning: ignoring unsupported tag `PERLMOD_PRETTY         =' at line 903, file doxygen.config
Warning: ignoring unsupported tag `PERLMOD_MAKEVAR_PREFIX =' at line 910, file doxygen.config
Warning: ignoring unsupported tag `UML_LOOK               =' at line 1064, file doxygen.config
Warning: ignoring unsupported tag `CALL_GRAPH             =' at line 1091, file doxygen.config
Warning: ignoring unsupported tag `MAX_DOT_GRAPH_DEPTH    =' at line 1140, file doxygen.config
Searching for include files...
Searching for example files...
Searching for images...
Searching for dot files...
Searching for files to exclude
Reading input files...
Reading and parsing tag files
Preprocessing /users/jcrouse/perforce/drivers/projects/geodelx/linux/glibc/candidates/main_page.h...
Preprocessing /users/jcrouse/perforce/drivers/projects/geodelx/linux/glibc/candidates/README.h...
Preprocessing /users/jcrouse/perforce/drivers/projects/geodelx/linux/glibc/candidates/common/utils/bucket_stats.c...
Preprocessing /users/jcrouse/perforce/drivers/projects/geodelx/linux/glibc/candidates/common/utils/deck.c...
Preprocessing /users/jcrouse/perforce/drivers/projects/geodelx/linux/glibc/candidates/common/utils/fake_lib.c...
Preprocessing /users/jcrouse/perforce/drivers/projects/geodelx/linux/glibc/candidates/common/utils/loop_test.c...
Preprocessing /users/jcrouse/perforce/drivers/projects/geodelx/linux/glibc/candidates/common/utils/opts_utils.c...
Preprocessing /users/jcrouse/perforce/drivers/projects/geodelx/linux/glibc/candidates/common/utils/table.c...
Preprocessing /users/jcrouse/perforce/drivers/projects/geodelx/linux/glibc/candidates/common/utils/test_utils.c...
Preprocessing /users/jcrouse/perforce/drivers/projects/geodelx/linux/glibc/candidates/common/utils/zstring.c...
Preprocessing /users/jcrouse/perforce/drivers/projects/geodelx/linux/glibc/candidates/common/include/asm-syntax.h...
Preprocessing /users/jcrouse/perforce/drivers/projects/geodelx/linux/glibc/candidates/common/include/bp-asm.h...
Preprocessing /users/jcrouse/perforce/drivers/projects/geodelx/linux/glibc/candidates/common/include/bp-sym.h...
Preprocessing /users/jcrouse/perforce/drivers/projects/geodelx/linux/glibc/candidates/common/include/bucket_stats.h...
Preprocessing /users/jcrouse/perforce/drivers/projects/geodelx/linux/glibc/candidates/common/include/deck.h...
Preprocessing /users/jcrouse/perforce/drivers/projects/geodelx/linux/glibc/candidates/common/include/def_test_def.h...
Preprocessing /users/jcrouse/perforce/drivers/projects/geodelx/linux/glibc/candidates/common/include/fake.h...
Preprocessing /users/jcrouse/perforce/drivers/projects/geodelx/linux/glibc/candidates/common/include/fake_lib.h...
Preprocessing /users/jcrouse/perforce/drivers/projects/geodelx/linux/glibc/candidates/common/include/fake_string.h...
Preprocessing /users/jcrouse/perforce/drivers/projects/geodelx/linux/glibc/candidates/common/include/loop_test.h...
Preprocessing /users/jcrouse/perforce/drivers/projects/geodelx/linux/glibc/candidates/common/include/memcopy.h...
Preprocessing /users/jcrouse/perforce/drivers/projects/geodelx/linux/glibc/candidates/common/include/opts_utils.h...
Preprocessing /users/jcrouse/perforce/drivers/projects/geodelx/linux/glibc/candidates/common/include/rdtsc.h...
Preprocessing /users/jcrouse/perforce/drivers/projects/geodelx/linux/glibc/candidates/common/include/sysdep.h...
Preprocessing /users/jcrouse/perforce/drivers/projects/geodelx/linux/glibc/candidates/common/include/table.h...
Preprocessing /users/jcrouse/perforce/drivers/projects/geodelx/linux/glibc/candidates/common/include/test_utils.h...
Preprocessing /users/jcrouse/perforce/drivers/projects/geodelx/linux/glibc/candidates/common/include/zstring.h...
Preprocessing /users/jcrouse/perforce/drivers/projects/geodelx/linux/glibc/candidates/memset/def_test.h...
Preprocessing /users/jcrouse/perforce/drivers/projects/geodelx/linux/glibc/candidates/memset/i386_memset.c...
Preprocessing /users/jcrouse/perforce/drivers/projects/geodelx/linux/glibc/candidates/memset/ptest.c...
Preprocessing /users/jcrouse/perforce/drivers/projects/geodelx/linux/glibc/candidates/memset/utest.c...
Preprocessing /users/jcrouse/perforce/drivers/projects/geodelx/linux/glibc/candidates/memcpy/copies.h...
Preprocessing /users/jcrouse/perforce/drivers/projects/geodelx/linux/glibc/candidates/memcpy/def_test.h...
Preprocessing /users/jcrouse/perforce/drivers/projects/geodelx/linux/glibc/candidates/memcpy/ptest.c...
Preprocessing /users/jcrouse/perforce/drivers/projects/geodelx/linux/glibc/candidates/memcpy/utest.c...
Preprocessing /users/jcrouse/perforce/drivers/projects/geodelx/linux/glibc/candidates/memcmp/def_test.h...
Preprocessing /users/jcrouse/perforce/drivers/projects/geodelx/linux/glibc/candidates/memcmp/ptest.c...
Preprocessing /users/jcrouse/perforce/drivers/projects/geodelx/linux/glibc/candidates/memcmp/utest.c...
Preprocessing /users/jcrouse/perforce/drivers/projects/geodelx/linux/glibc/candidates/strlen/def_test.h...
Preprocessing /users/jcrouse/perforce/drivers/projects/geodelx/linux/glibc/candidates/strlen/i386_strlen.c...
Preprocessing /users/jcrouse/perforce/drivers/projects/geodelx/linux/glibc/candidates/strlen/i486_inline_strlen.c...
Preprocessing /users/jcrouse/perforce/drivers/projects/geodelx/linux/glibc/candidates/strlen/ptest.c...
Preprocessing /users/jcrouse/perforce/drivers/projects/geodelx/linux/glibc/candidates/strlen/utest.c...
Preprocessing /users/jcrouse/perforce/drivers/projects/geodelx/linux/glibc/candidates/strcpy/def_test.h...
Preprocessing /users/jcrouse/perforce/drivers/projects/geodelx/linux/glibc/candidates/strcpy/dodef.h...
Preprocessing /users/jcrouse/perforce/drivers/projects/geodelx/linux/glibc/candidates/strcpy/ptest.c...
Preprocessing /users/jcrouse/perforce/drivers/projects/geodelx/linux/glibc/candidates/strcpy/utest.c...
Preprocessing /users/jcrouse/perforce/drivers/projects/geodelx/linux/glibc/candidates/strcmp/def_test.h...
Preprocessing /users/jcrouse/perforce/drivers/projects/geodelx/linux/glibc/candidates/strcmp/gen_strcmp.c...
Preprocessing /users/jcrouse/perforce/drivers/projects/geodelx/linux/glibc/candidates/strcmp/i386_strcmp.c...
Preprocessing /users/jcrouse/perforce/drivers/projects/geodelx/linux/glibc/candidates/strcmp/i486_strcmp.c...
Preprocessing /users/jcrouse/perforce/drivers/projects/geodelx/linux/glibc/candidates/strcmp/ptest.c...
Preprocessing /users/jcrouse/perforce/drivers/projects/geodelx/linux/glibc/candidates/strcmp/utest.c...
Preprocessing /users/jcrouse/perforce/drivers/projects/geodelx/linux/glibc/candidates/permute/memcpy/def_test.h...
Preprocessing /users/jcrouse/perforce/drivers/projects/geodelx/linux/glibc/candidates/permute/memcpy/ptest.c...
Preprocessing /users/jcrouse/perforce/drivers/projects/geodelx/linux/glibc/candidates/permute/memcpy/utest.c...
Read 237491 bytes
Parsing input...
Parsing file /users/jcrouse/perforce/drivers/projects/geodelx/linux/glibc/candidates/main_page.h...
Parsing file /users/jcrouse/perforce/drivers/projects/geodelx/linux/glibc/candidates/README.h...
Parsing file /users/jcrouse/perforce/drivers/projects/geodelx/linux/glibc/candidates/common/utils/bucket_stats.c...
Parsing file /users/jcrouse/perforce/drivers/projects/geodelx/linux/glibc/candidates/common/utils/deck.c...
Parsing file /users/jcrouse/perforce/drivers/projects/geodelx/linux/glibc/candidates/common/utils/fake_lib.c...
Parsing file /users/jcrouse/perforce/drivers/projects/geodelx/linux/glibc/candidates/common/utils/loop_test.c...
Parsing file /users/jcrouse/perforce/drivers/projects/geodelx/linux/glibc/candidates/common/utils/opts_utils.c...
Parsing file /users/jcrouse/perforce/drivers/projects/geodelx/linux/glibc/candidates/common/utils/table.c...
Parsing file /users/jcrouse/perforce/drivers/projects/geodelx/linux/glibc/candidates/common/utils/test_utils.c...
Parsing file /users/jcrouse/perforce/drivers/projects/geodelx/linux/glibc/candidates/common/utils/zstring.c...
Parsing file /users/jcrouse/perforce/drivers/projects/geodelx/linux/glibc/candidates/common/include/asm-syntax.h...
Parsing file /users/jcrouse/perforce/drivers/projects/geodelx/linux/glibc/candidates/common/include/bp-asm.h...
Parsing file /users/jcrouse/perforce/drivers/projects/geodelx/linux/glibc/candidates/common/include/bp-sym.h...
Parsing file /users/jcrouse/perforce/drivers/projects/geodelx/linux/glibc/candidates/common/include/bucket_stats.h...
Parsing file /users/jcrouse/perforce/drivers/projects/geodelx/linux/glibc/candidates/common/include/deck.h...
Parsing file /users/jcrouse/perforce/drivers/projects/geodelx/linux/glibc/candidates/common/include/def_test_def.h...
Parsing file /users/jcrouse/perforce/drivers/projects/geodelx/linux/glibc/candidates/common/include/fake.h...
Parsing file /users/jcrouse/perforce/drivers/projects/geodelx/linux/glibc/candidates/common/include/fake_lib.h...
Parsing file /users/jcrouse/perforce/drivers/projects/geodelx/linux/glibc/candidates/common/include/fake_string.h...
Parsing file /users/jcrouse/perforce/drivers/projects/geodelx/linux/glibc/candidates/common/include/loop_test.h...
Parsing file /users/jcrouse/perforce/drivers/projects/geodelx/linux/glibc/candidates/common/include/memcopy.h...
Parsing file /users/jcrouse/perforce/drivers/projects/geodelx/linux/glibc/candidates/common/include/opts_utils.h...
Parsing file /users/jcrouse/perforce/drivers/projects/geodelx/linux/glibc/candidates/common/include/rdtsc.h...
Parsing file /users/jcrouse/perforce/drivers/projects/geodelx/linux/glibc/candidates/common/include/sysdep.h...
Parsing file /users/jcrouse/perforce/drivers/projects/geodelx/linux/glibc/candidates/common/include/table.h...
Parsing file /users/jcrouse/perforce/drivers/projects/geodelx/linux/glibc/candidates/common/include/test_utils.h...
Parsing file /users/jcrouse/perforce/drivers/projects/geodelx/linux/glibc/candidates/common/include/zstring.h...
Parsing file /users/jcrouse/perforce/drivers/projects/geodelx/linux/glibc/candidates/memset/def_test.h...
Parsing file /users/jcrouse/perforce/drivers/projects/geodelx/linux/glibc/candidates/memset/i386_memset.c...
Parsing file /users/jcrouse/perforce/drivers/projects/geodelx/linux/glibc/candidates/memset/ptest.c...
Parsing file /users/jcrouse/perforce/drivers/projects/geodelx/linux/glibc/candidates/memset/utest.c...
Parsing file /users/jcrouse/perforce/drivers/projects/geodelx/linux/glibc/candidates/memcpy/copies.h...
Parsing file /users/jcrouse/perforce/drivers/projects/geodelx/linux/glibc/candidates/memcpy/def_test.h...
Parsing file /users/jcrouse/perforce/drivers/projects/geodelx/linux/glibc/candidates/memcpy/ptest.c...
Parsing file /users/jcrouse/perforce/drivers/projects/geodelx/linux/glibc/candidates/memcpy/utest.c...
Parsing file /users/jcrouse/perforce/drivers/projects/geodelx/linux/glibc/candidates/memcmp/def_test.h...
Parsing file /users/jcrouse/perforce/drivers/projects/geodelx/linux/glibc/candidates/memcmp/ptest.c...
Parsing file /users/jcrouse/perforce/drivers/projects/geodelx/linux/glibc/candidates/memcmp/utest.c...
Parsing file /users/jcrouse/perforce/drivers/projects/geodelx/linux/glibc/candidates/strlen/def_test.h...
Parsing file /users/jcrouse/perforce/drivers/projects/geodelx/linux/glibc/candidates/strlen/i386_strlen.c...
Parsing file /users/jcrouse/perforce/drivers/projects/geodelx/linux/glibc/candidates/strlen/i486_inline_strlen.c...
Parsing file /users/jcrouse/perforce/drivers/projects/geodelx/linux/glibc/candidates/strlen/ptest.c...
Parsing file /users/jcrouse/perforce/drivers/projects/geodelx/linux/glibc/candidates/strlen/utest.c...
Parsing file /users/jcrouse/perforce/drivers/projects/geodelx/linux/glibc/candidates/strcpy/def_test.h...
Parsing file /users/jcrouse/perforce/drivers/projects/geodelx/linux/glibc/candidates/strcpy/dodef.h...
Parsing file /users/jcrouse/perforce/drivers/projects/geodelx/linux/glibc/candidates/strcpy/ptest.c...
Parsing file /users/jcrouse/perforce/drivers/projects/geodelx/linux/glibc/candidates/strcpy/utest.c...
Parsing file /users/jcrouse/perforce/drivers/projects/geodelx/linux/glibc/candidates/strcmp/def_test.h...
Parsing file /users/jcrouse/perforce/drivers/projects/geodelx/linux/glibc/candidates/strcmp/gen_strcmp.c...
Parsing file /users/jcrouse/perforce/drivers/projects/geodelx/linux/glibc/candidates/strcmp/i386_strcmp.c...
Parsing file /users/jcrouse/perforce/drivers/projects/geodelx/linux/glibc/candidates/strcmp/i486_strcmp.c...
Parsing file /users/jcrouse/perforce/drivers/projects/geodelx/linux/glibc/candidates/strcmp/ptest.c...
Parsing file /users/jcrouse/perforce/drivers/projects/geodelx/linux/glibc/candidates/strcmp/utest.c...
Parsing file /users/jcrouse/perforce/drivers/projects/geodelx/linux/glibc/candidates/permute/memcpy/def_test.h...
Parsing file /us/users/jcrouse/perforce/drivers/projects/geodelx/linux/glibc/candidates/memcpy/def_test.h:31: Warning: the name `memcpy/def_test.h' supplied as the second argument in the \file statement matches the following input files:
   /users/jcrouse/perforce/drivers/projects/geodelx/linux/glibc/candidates/memcpy/def_test.h
   /users/jcrouse/perforce/drivers/projects/geodelx/linux/glibc/candidates/permute/memcpy/def_test.h
Please use a more specific name by including a (larger) part of the path!
/users/jcrouse/perforce/drivers/projects/geodelx/linux/glibc/candidates/permute/memcpy/def_test.h:31: Warning: the name `permuted/memcpy/def_test.h' supplied as the second argument in the \file statement is not an input file
/users/jcrouse/perforce/drivers/projects/geodelx/linux/glibc/candidates/memcpy/def_test.h:99: Warning: class T_def_test already has a brief description
         skipping the one found here.
/users/jcrouse/perforce/drivers/projects/geodelx/linux/glibc/candidates/strcpy/def_test.h:101: Warning: class T_def_test already has a detailed description. Skipping the one found here.
/users/jcrouse/perforce/drivers/projects/geodelx/linux/glibc/candidates/strcpy/def_test.h:101: Warning: class T_def_test already has a brief description
         skipping the one found here.
/users/jcrouse/perforce/drivers/projects/geodelx/linux/glibc/candidates/strcmp/def_test.h:110: Warning: class T_def_test already has a detailed description. Skipping the one found here.
/users/jcrouse/perforce/drivers/projects/geodelx/linux/glibc/candidates/strcmp/def_test.h:110: Warning: class T_def_test already has a brief description
         skipping the one found here.
/users/jcrouse/perforce/drivers/projects/geodelx/linux/glibc/candidates/strcmp/ptest.c:41: Warning: class T_dst_fill_state already has a detailed description. Skipping the one found here.
/users/jcrouse/perforce/drivers/projects/geodelx/linux/glibc/candidates/permute/memcpy/def_test.h:69: Warning: class T_def_test already has a detailed description. Skipping the one found here.
/users/jcrouse/perforce/drivers/projects/geodelx/linux/glibc/candidates/permute/memcpy/def_test.h:69: Warning: class T_def_test already has a brief description
         skipping the one found here.
/users/jcrouse/perforce/drivers/projects/geodelx/linux/glibc/candidates/memcmp/utest.c:30: Warning: documentation for unknown define gives found.

/users/jcrouse/perforce/drivers/projects/geodelx/linux/glibc/candidates/strlen/utest.c:30: Warning: documentation for unknown define gives found.

/users/jcrouse/perforce/drivers/projects/geodelx/linux/glibc/candidates/strcpy/utest.c:30: Warning: documentation for unknown define gives found.

/users/jcrouse/perforce/drivers/projects/geodelx/linux/glibc/candidates/strcmp/utest.c:30: Warning: documentation for unknown define gives found.

ers/jcrouse/perforce/drivers/projects/geodelx/linux/glibc/candidates/permute/memcpy/ptest.c...
Parsing file /users/jcrouse/perforce/drivers/projects/geodelx/linux/glibc/candidates/permute/memcpy/utest.c...
Freeing input...
Building group list...
Building namespace list...
Building file list...
Building class list...
Building example list...
Searching for documented variables...
Building member list...
Searching for friends...
Searching for documented defines...
Computing template instances...
Creating members for template instances...
Computing class relations...
Searching for enumerations...
Searching for member function documentation...
Building page list...
Search for main page...
Sorting lists...
Freeing entry tree
Determining which enums are documented
Computing member relations...
Building full member lists recursively...
Adding members to member groups.
Computing member references...
Inheriting documentation...
Adding source references...
Adding todo/test/bug list items...
Counting data structures...
Generating disk names...
Resolving user defined references...
Generating index page...
Generating file index...
Generating example documentation...
Generating file sources...
Generating code for file /users/jcrouse/perforce/drivers/projects/geodelx/linux/glibc/candidates/common/include/asm-syntax.h...
Generating code for file /users/jcrouse/perforce/drivers/projects/geodelx/linux/glibc/candidates/common/include/bp-asm.h...
Generating code for file /users/jcrouse/perforce/drivers/projects/geodelx/linux/glibc/candidates/common/include/bp-sym.h...
Generating code for file /users/jcrouse/perforce/drivers/projects/geodelx/linux/glibc/candidates/common/include/bucket_stats.h...
Generating code for file /users/jcrouse/perforce/drivers/projects/geodelx/linux/glibc/candidates/common/include/deck.h...
Generating code for file /users/jcrouse/perforce/drivers/projects/geodelx/linux/glibc/candidates/common/include/def_test_def.h...
Generating code for file /users/jcrouse/perforce/drivers/projects/geodelx/linux/glibc/candidates/common/include/fake.h...
Generating code for file /users/jcrouse/perforce/drivers/projects/geodelx/linux/glibc/candidates/common/include/fake_lib.h...
Generating code for file /users/jcrouse/perforce/drivers/projects/geodelx/linux/glibc/candidates/common/include/fake_string.h...
Generating code for file /users/jcrouse/perforce/drivers/projects/geodelx/linux/glibc/candidates/common/include/loop_test.h...
Generating code for file /users/jcrouse/perforce/drivers/projects/geodelx/linux/glibc/candidates/common/include/memcopy.h...
Generating code for file /users/jcrouse/perforce/drivers/projects/geodelx/linux/glibc/candidates/common/include/opts_utils.h...
Generating code for file /users/jcrouse/perforce/drivers/projects/geodelx/linux/glibc/candidates/common/include/rdtsc.h...
Generating code for file /users/jcrouse/perforce/drivers/projects/geodelx/linux/glibc/candidates/common/include/sysdep.h...
Generating code for file /users/jcrouse/perforce/drivers/projects/geodelx/linux/glibc/candidates/common/include/table.h...
Generating code for file /users/jcrouse/perforce/drivers/projects/geodelx/linux/glibc/candidates/common/include/test_utils.h...
Generating code for file /users/jcrouse/perforce/drivers/projects/geodelx/linux/glibc/candidates/common/include/zstring.h...
Generating code for file /users/jcrouse/perforce/drivers/projects/geodelx/linux/glibc/candidates/main_page.h...
Generating code for file /users/jcrouse/perforce/drivers/projects/geodelx/linux/glibc/candidates/memcpy/copies.h...
Generating code for file /users/jcrouse/perforce/drivers/projects/geodelx/linux/glibc/candidates/memset/def_test.h...
Generating code for file /users/jcrouse/perforce/drivers/projects/geodelx/linux/glibc/candidates/memcpy/def_test.h...
Generating code for file /users/jcrouse/perforce/drivers/projects/geodelx/linux/glibc/candidates/memcmp/def_test.h...
Generating code for file /users/jcrouse/perforce/drivers/projects/geodelx/linux/glibc/candidates/strlen/def_test.h...
Generating code for file /users/jcrouse/perforce/drivers/pro/users/jcrouse/perforce/drivers/projects/geodelx/linux/glibc/candidates/common/include/memcopy.h:-1: Warning: reference to unknown section opts_table in the documentation of this entity!
/users/jcrouse/perforce/drivers/projects/geodelx/linux/glibc/candidates/common/include/memcopy.h:-1: Warning: reference to unknown section opts_table in the documentation of this entity!
/users/jcrouse/perforce/drivers/projects/geodelx/linux/glibc/candidates/common/utils/opts_utils.c:-1: Warning: reference to unknown section opts_table in the documentation of this entity!
/users/jcrouse/perforce/drivers/projects/geodelx/linux/glibc/candidates/common/utils/loop_test.c:-1: Warning: reference to unknown section opts_table in the documentation of this entity!
/users/jcrouse/perforce/drivers/projects/geodelx/linux/glibc/candidates/common/utils/loop_test.c:-1: Warning: reference to unknown section opts_table in the documentation of this entity!
jects/geodelx/linux/glibc/candidates/strcpy/def_test.h...
Generating code for file /users/jcrouse/perforce/drivers/projects/geodelx/linux/glibc/candidates/strcmp/def_test.h...
Generating code for file /users/jcrouse/perforce/drivers/projects/geodelx/linux/glibc/candidates/permute/memcpy/def_test.h...
Generating code for file /users/jcrouse/perforce/drivers/projects/geodelx/linux/glibc/candidates/README.h...
Generating code for file /users/jcrouse/perforce/drivers/projects/geodelx/linux/glibc/candidates/strcpy/dodef.h...
Generating file documentation...
Generating docs for file /users/jcrouse/perforce/drivers/projects/geodelx/linux/glibc/candidates/common/include/asm-syntax.h...
Generating docs for file /users/jcrouse/perforce/drivers/projects/geodelx/linux/glibc/candidates/common/include/bp-asm.h...
Generating docs for file /users/jcrouse/perforce/drivers/projects/geodelx/linux/glibc/candidates/common/include/bp-sym.h...
Generating docs for file /users/jcrouse/perforce/drivers/projects/geodelx/linux/glibc/candidates/common/include/bucket_stats.h...
Generating docs for file /users/jcrouse/perforce/drivers/projects/geodelx/linux/glibc/candidates/common/include/deck.h...
Generating docs for file /users/jcrouse/perforce/drivers/projects/geodelx/linux/glibc/candidates/common/include/def_test_def.h...
Generating docs for file /users/jcrouse/perforce/drivers/projects/geodelx/linux/glibc/candidates/common/include/fake.h...
Generating docs for file /users/jcrouse/perforce/drivers/projects/geodelx/linux/glibc/candidates/common/include/fake_lib.h...
Generating docs for file /users/jcrouse/perforce/drivers/projects/geodelx/linux/glibc/candidates/common/include/loop_test.h...
Generating docs for file /users/jcrouse/perforce/drivers/projects/geodelx/linux/glibc/candidates/common/include/memcopy.h...
Generating docs for file /users/jcrouse/perforce/drivers/projects/geodelx/linux/glibc/candidates/common/include/opts_utils.h...
Generating docs for file /users/jcrouse/perforce/drivers/projects/geodelx/linux/glibc/candidates/common/include/rdtsc.h...
Generating docs for file /users/jcrouse/perforce/drivers/projects/geodelx/linux/glibc/candidates/common/include/sysdep.h...
Generating docs for file /users/jcrouse/perforce/drivers/projects/geodelx/linux/glibc/candidates/common/include/table.h...
Generating docs for file /users/jcrouse/perforce/drivers/projects/geodelx/linux/glibc/candidates/common/include/test_utils.h...
Generating docs for file /users/jcrouse/perforce/drivers/projects/geodelx/linux/glibc/candidates/common/include/zstring.h...
Generating docs for file /users/jcrouse/perforce/drivers/projects/geodelx/linux/glibc/candidates/common/utils/bucket_stats.c...
Generating docs for file /users/jcrouse/perforce/drivers/projects/geodelx/linux/glibc/candidates/common/utils/deck.c...
Generating docs for file /users/jcrouse/perforce/drivers/projects/geodelx/linux/glibc/candidates/common/utils/fake_lib.c...
Generating docs for file /users/jcrouse/perforce/drivers/projects/geodelx/linux/glibc/candidates/common/utils/loop_test.c...
Generating docs for file /users/jcrouse/perforce/drivers/projects/geodelx/linux/glibc/candidates/common/utils/opts_utils.c...
Generating docs for file /users/jcrouse/perforce/drivers/projects/geodelx/linux/glibc/candidates/common/utils/table.c...
Generating docs for file /users/jcrouse/perforce/drivers/projects/geodelx/linux/glibc/candidates/common/utils/test_utils.c...
Generating docs for file /users/jcrouse/perforce/drivers/projects/geodelx/linux/glibc/candidates/common/utils/zstring.c...
Generating docs for file /users/jcrouse/perforce/drivers/projects/geodelx/linux/glibc/candidates/main_page.h...
Generating docs for file /users/jcrouse/perforce/drivers/projects/geodelx/linux/glibc/candidates/memset/def_test.h...
Generating docs for file /users/jcrouse/perforce/drivers/projects/geodelx/linux/glibc/candidates/memcmp/def_test.h...
Generating docs for file /users/jcrouse/perforce/drivers/projects/geodelx/linux/glibc/candidates/strlen/def_test.h...
Generating docs for file /users/jcrouse/perforce/drivers/projects/geo/users/jcrouse/perforce/drivers/projects/geodelx/linux/glibc/candidates/README.h:34: Warning: reference to unknown section \section common_elements  in the documentation of this entity!
/users/jcrouse/perforce/drivers/projects/geodelx/linux/glibc/candidates/README.h:34: Warning: reference to unknown section \section test_customization  in the documentation of this entity!
/users/jcrouse/perforce/drivers/projects/geodelx/linux/glibc/candidates/common/utils/deck.c:37: Warning: reference to unknown section \section deck_howto_population  in the documentation of this entity!
/users/jcrouse/perforce/drivers/projects/geodelx/linux/glibc/candidates/common/utils/deck.c:37: Warning: reference to unknown section \section deck_todo  in the documentation of this entity!
/users/jcrouse/perforce/drivers/projects/geodelx/linux/glibc/candidates/common/utils/loop_test.c:-1: Warning: reference to unknown section opts_table in the documentation of this entity!
/users/jcrouse/perforce/drivers/projects/geodelx/linux/glibc/candidates/common/utils/loop_test.c:-1: Warning: reference to unknown section opts_table in the documentation of this entity!
/users/jcrouse/perforce/drivers/projects/geodelx/linux/glibc/candidates/common/utils/opts_utils.c:-1: Warning: reference to unknown section opts_table in the documentation of this entity!
/users/jcrouse/perforce/drivers/projects/geodelx/linux/glibc/candidates/memset/def_test.h:37: Warning: list item with invalid indent found!
/users/jcrouse/perforce/drivers/projects/geodelx/linux/glibc/candidates/memcpy/def_test.h:36: Warning: reference to unknown section \section memcpy_status  in the documentation of this entity!
/users/jcrouse/perforce/drivers/projects/geodelx/linux/glibc/candidates/memcpy/def_test.h:36: Warning: reference to unknown section \section memcpy_results  in the documentation of this entity!
/users/jcrouse/perforce/drivers/projects/geodelx/linux/glibc/candidates/memcpy/def_test.h:36: Warning: reference to unknown section \section memcpy_candidates  in the documentation of this entity!
/users/jcrouse/perforce/drivers/projects/geodelx/linux/glibc/candidates/memcpy/def_test.h:36: Warning: reference to unknown section \section memcpy_notes  in the documentation of this entity!
/users/jcrouse/perforce/drivers/projects/geodelx/linux/glibc/candidates/memcpy/def_test.h:36: Warning: reference to unknown section \section memcpy_todo  in the documentation of this entity!
/users/jcrouse/perforce/drivers/projects/geodelx/linux/glibc/candidates/memcmp/def_test.h:36: Warning: reference to unknown section \section memcmp_status  in the documentation of this entity!
/users/jcrouse/perforce/drivers/projects/geodelx/linux/glibc/candidates/memcmp/def_test.h:36: Warning: reference to unknown section \section memcmp_results  in the documentation of this entity!
/users/jcrouse/perforce/drivers/projects/geodelx/linux/glibc/candidates/memcmp/def_test.h:36: Warning: reference to unknown section \section memcmp_candidates  in the documentation of this entity!
/users/jcrouse/perforce/drivers/projects/geodelx/linux/glibc/candidates/memcmp/def_test.h:36: Warning: reference to unknown section \section memcmp_notes  in the documentation of this entity!
/users/jcrouse/perforce/drivers/projects/geodelx/linux/glibc/candidates/strlen/def_test.h:35: Warning: reference to unknown section \section strlen_status  in the documentation of this entity!
/users/jcrouse/perforce/drivers/projects/geodelx/linux/glibc/candidates/strlen/def_test.h:35: Warning: reference to unknown section \section strlen_results  in the documentation of this entity!
/users/jcrouse/perforce/drivers/projects/geodelx/linux/glibc/candidates/strlen/def_test.h:35: Warning: reference to unknown section \section strlen_candidates  in the documentation of this entity!
/users/jcrouse/perforce/drivers/projects/geodelx/linux/glibc/candidates/strlen/def_test.h:35: Warning: reference to unknown section \section strlen_notes  in the documentation of this entity!
/users/jcrouse/perforce/drivers/projects/geodelx/linux/glibc/candidates/strcpy/def_test.h:35: Warning: reference to unknown section \section strcpy_status  in the documentation of this entity!
/users/jcrouse/perforce/drivers/projects/geodelx/linux/glibc/candidates/strcpy/def_test.h:35: Warning: reference to unknown section \section strcpy_results  in the documentation of this entity!
/users/jcrouse/perforce/drivers/projects/geodelx/linux/glibc/candidates/strcpy/def_test.h:35: Warning: reference to unknown section \section strcpy_candidates  in the documentation of this entity!
/users/jcrouse/perforce/drivers/projects/geodelx/linux/glibc/candidates/strcpy/def_test.h:35: Warning: reference to unknown section \section strcpy_notes  in the documentation of this entity!
/users/jcrouse/perforce/drivers/projects/geodelx/linux/glibc/candidates/strcmp/def_test.h:36: Warning: reference to unknown section \section strcmp_status  in the documentation of this entity!
/users/jcrouse/perforce/drivers/projects/geodelx/linux/glibc/candidates/strcmp/def_test.h:36: Warning: reference to unknown section \section strcmp_results  in the documentation of this entity!
/users/jcrouse/perforce/drivers/projects/geodelx/linux/glibc/candidates/strcmp/def_test.h:36: Warning: reference to unknown section \section strcmp_candidates  in the documentation of this entity!
/users/jcrouse/perforce/drivers/projects/geodelx/linux/glibc/candidates/strcmp/def_test.h:36: Warning: reference to unknown section \section strcmp_notes  in the documentation of this entity!
/users/jcrouse/perforce/drivers/projects/geodelx/linux/glibc/candidates/permute/memcpy/def_test.h:37: Warning: reference to unknown section \section permute_memcpy_notes  in the documentation of this entity!
delx/linux/glibc/candidates/strcpy/def_test.h...
Generating docs for file /users/jcrouse/perforce/drivers/projects/geodelx/linux/glibc/candidates/strcmp/def_test.h...
Generating docs for file /users/jcrouse/perforce/drivers/projects/geodelx/linux/glibc/candidates/README.h...
Generating docs for file /users/jcrouse/perforce/drivers/projects/geodelx/linux/glibc/candidates/strcpy/dodef.h...
Generating class documentation...
Generating annotated compound index...
Generating hierarchical class index...
Generating member index...
Generating docs for compound S_cell...
Generating docs for compound S_cell_class...
Generating docs for compound S_cell_fmt...
Generating docs for compound S_table...
Generating docs for compound S_table_class...
Generating docs for compound S_table_fmt...
Generating docs for compound S_zstring...
Generating docs for compound T_deck...
Generating docs for compound T_deck_card...
Generating docs for compound T_def_test...
Generating docs for compound T_dst_fill_state...
Generating docs for compound T_loop_result_line...
Generating docs for compound T_loop_results...
Generating docs for compound T_opts_def...
Generating docs for compound T_stats_mode...
Generating docs for compound T_stats_range_def...
Generating docs for compound T_stats_record...
Generating docs for compound T_stats_result...
Generating docs for compound T_test_app...
Generating docs for compound T_test_app_fmt...
Generating docs for compound T_test_buffer...
Generating docs for compound T_test_sample...
Generating docs for compound U_cell_data...
Generating page documentation...
Generating group documentation...
Generating namespace index...
Generating group index...
Generating example index...
Generating file member index...
Generating namespace member index...
Generating page index...
Generating graph info page...
Generating search index...
Generating style sheet...
